image-picker-lib/build/intermediates/manifest_merge_blame_file/debug/manifest-merger-blame-debug-report.txt
1<?xml version="1.0" encoding="utf-8"?>
2<manifest xmlns:android="http://schemas.android.com/apk/res/android"
3    package="toxsl.imagebottompicker" >
4
5    <uses-sdk
6        android:minSdkVersion="17"
6-->ProcessLibraryManifest/debug/tempAndroidManifest11136617699787862949.xml
7        android:targetSdkVersion="33" />
7-->ProcessLibraryManifest/debug/tempAndroidManifest11136617699787862949.xml
8
9</manifest>